

Microchip MPLAB XC8 Assembler V2.46 build 20240104201356 
                                                                                               Tue Feb 17 14:00:00 2026

Microchip MPLAB XC8 C Compiler v2.46 (Free license) build 20240104201356 Og1 
     1                           	processor	18F4321
     2                           	fnconf	rparam,??,?,0
     3                           	pagewidth 120
     4                           	opt	flic
     5                           	psect	cinit,global,reloc=2,class=CODE,delta=1
     6                           	psect	bssCOMRAM,global,class=COMRAM,space=1,delta=1,lowdata,noexec
     7                           	psect	cstackCOMRAM,global,class=COMRAM,space=1,delta=1,lowdata,noexec
     8                           	psect	text0,global,reloc=2,class=CODE,delta=1
     9                           	psect	smallconst,global,reloc=2,class=SMALLCONST,delta=1,noexec
    10                           	psect	intsave_regs,global,class=BIGRAM,space=1,delta=1,noexec
    11                           	psect	rparam,global,class=COMRAM,space=1,delta=1,noexec
    12                           	psect	idloc,global,abs,ovrld,class=IDLOC,space=5,delta=1,noexec
    13                           	psect	config,global,abs,ovrld,class=CONFIG,space=4,delta=1,noexec
    14   000000                     
    15                           ; Generated 05/01/2024 GMT
    16                           ; 
    17                           ; Copyright © 2024, Microchip Technology Inc. and its subsidiaries ("Microchip")
    18                           ; All rights reserved.
    19                           ; 
    20                           ; This software is developed by Microchip Technology Inc. and its subsidiaries ("Microch
      +                          ip").
    21                           ; 
    22                           ; Redistribution and use in source and binary forms, with or without modification, are
    23                           ; permitted provided that the following conditions are met:
    24                           ; 
    25                           ;     1. Redistributions of source code must retain the above copyright notice, this lis
      +                          t of
    26                           ;        conditions and the following disclaimer.
    27                           ; 
    28                           ;     2. Redistributions in binary form must reproduce the above copyright notice, this 
      +                          list
    29                           ;        of conditions and the following disclaimer in the documentation and/or other
    30                           ;        materials provided with the distribution. Publication is not required when
    31                           ;        this file is used in an embedded application.
    32                           ; 
    33                           ;     3. Microchip's name may not be used to endorse or promote products derived from th
      +                          is
    34                           ;        software without specific prior written permission.
    35                           ; 
    36                           ; THIS SOFTWARE IS PROVIDED BY MICROCHIP "AS IS" AND ANY EXPRESS OR IMPLIED WARRANTIES,
    37                           ; INCLUDING, BUT NOT LIMITED TO, THE IMPLIED WARRANTIES OF MERCHANTABILITY AND FITNESS F
      +                          OR
    38                           ; PURPOSE ARE DISCLAIMED.  IN NO EVENT SHALL MICROCHIP BE LIABLE FOR ANY DIRECT, INDIREC
      +                          T,
    39                           ; INCIDENTAL, SPECIAL, EXEMPLARY, OR CONSEQUENTIAL DAMAGES (INCLUDING BUT NOT LIMITED TO
    40                           ; PROCUREMENT OF SUBSTITUTE GOODS OR SERVICES; LOSS OF USE, DATA OR PROFITS; OR BUSINESS
    41                           ; INTERRUPTION) HOWSOEVER CAUSED AND ON ANY THEORY OF LIABILITY, WHETHER IN CONTRACT, ST
      +                          RICT
    42                           ; LIABILITY, OR TORT (INCLUDING NEGLIGENCE OR OTHERWISE) ARISING IN ANY WAY OUT OF THE U
      +                          SE OF
    43                           ; THIS SOFTWARE, EVEN IF ADVISED OF THE POSSIBILITY OF SUCH DAMAGE.
    44                           ; 
    45                           ; 
    46                           ; Code-generator required, PIC18F4321 Definitions
    47                           ; 
    48                           ; SFR Addresses
    49   000000                     _TXREG	set	4013
    50   000000                     _RCREG	set	4014
    51   000000                     _SPBRG	set	4015
    52   000000                     _BAUDCONbits	set	4024
    53   000000                     _INTCONbits	set	4082
    54   000000                     _TMR0	set	4054
    55   000000                     _PORTBbits	set	3969
    56   000000                     _LATBbits	set	3978
    57   000000                     _TRISCbits	set	3988
    58   000000                     _T0CON	set	4053
    59   000000                     _INTCON2bits	set	4081
    60   000000                     _TMR0IF	set	32658
    61   000000                     _PIR1bits	set	3998
    62   000000                     _RCSTAbits	set	4011
    63   000000                     _TXSTAbits	set	4012
    64   000000                     _TRISBbits	set	3987
    65                           
    66                           ; #config settings
    67                           
    68                           	psect	cinit
    69   000202                     __pcinit:
    70                           	callstack 0
    71   000202                     start_initialization:
    72                           	callstack 0
    73   000202                     __initialization:
    74                           	callstack 0
    75                           
    76                           ; Clear objects allocated to COMRAM (55 bytes)
    77   000202  EE00  F001         	lfsr	0,__pbssCOMRAM
    78   000206  0E37               	movlw	55
    79   000208                     clear_0:
    80   000208  6AEE               	clrf	postinc0,c
    81   00020A  06E8               	decf	wreg,f,c
    82   00020C  E1FD               	bnz	clear_0
    83   00020E                     end_of_initialization:
    84                           	callstack 0
    85   00020E                     __end_of__initialization:
    86                           	callstack 0
    87   00020E  0E00               	movlw	low (__Lmediumconst shr (0+16))
    88   000210  6EF8               	movwf	tblptru,c
    89   000212  0100               	movlb	0
    90   000214  EF0C  F001         	goto	_main	;jump to C main() function
    91                           
    92                           	psect	bssCOMRAM
    93   000001                     __pbssCOMRAM:
    94                           	callstack 0
    95   000001                     _Timers:
    96                           	callstack 0
    97   000001                     	ds	20
    98   000015                     _proxima_commuta:
    99                           	callstack 0
   100   000015                     	ds	4
   101   000019                     _durada_tics:
   102                           	callstack 0
   103   000019                     	ds	4
   104   00001D                     _Tics:
   105                           	callstack 0
   106   00001D                     	ds	4
   107   000021                     _ptr_tx:
   108                           	callstack 0
   109   000021                     	ds	2
   110   000023                     _estat:
   111                           	callstack 0
   112   000023                     	ds	1
   113   000024                     _tics_toggle:
   114                           	callstack 0
   115   000024                     	ds	1
   116   000025                     _estat_spk:
   117                           	callstack 0
   118   000025                     	ds	1
   119   000026                     _flag_dades_llestes:
   120                           	callstack 0
   121   000026                     	ds	1
   122   000027                     _max_caracters:
   123                           	callstack 0
   124   000027                     	ds	1
   125   000028                     _idx_rx:
   126                           	callstack 0
   127   000028                     	ds	1
   128   000029                     _estat_rx:
   129                           	callstack 0
   130   000029                     	ds	1
   131   00002A                     _idx_tx:
   132                           	callstack 0
   133   00002A                     	ds	1
   134   00002B                     _estat_tx:
   135                           	callstack 0
   136   00002B                     	ds	1
   137   00002C                     _buffer_rx:
   138                           	callstack 0
   139   00002C                     	ds	10
   140   000036                     _ElTimer:
   141                           	callstack 0
   142   000036                     	ds	1
   143   000037                     _hTimer:
   144                           	callstack 0
   145   000037                     	ds	1
   146                           
   147                           	psect	cstackCOMRAM
   148   000000                     __pcstackCOMRAM:
   149                           	callstack 0
   150   000000                     
   151                           ; 1 bytes @ 0x0
   152 ;;
   153 ;;Main: autosize = 0, tempsize = 0, incstack = 0, save=0
   154 ;;
   155 ;; *************** function _main *****************
   156 ;; Defined at:
   157 ;;		line 11 in file "main.c"
   158 ;; Parameters:    Size  Location     Type
   159 ;;		None
   160 ;; Auto vars:     Size  Location     Type
   161 ;;		None
   162 ;; Return value:  Size  Location     Type
   163 ;;                  1    wreg      void 
   164 ;; Registers used:
   165 ;;		None
   166 ;; Tracked objects:
   167 ;;		On entry : 0/0
   168 ;;		On exit  : 0/0
   169 ;;		Unchanged: 0/0
   170 ;; Data sizes:     COMRAM   BANK0   BANK1
   171 ;;      Params:         0       0       0
   172 ;;      Locals:         0       0       0
   173 ;;      Temps:          0       0       0
   174 ;;      Totals:         0       0       0
   175 ;;Total ram usage:        0 bytes
   176 ;; This function calls:
   177 ;;		Nothing
   178 ;; This function is called by:
   179 ;;		Startup code after reset
   180 ;; This function uses a non-reentrant model
   181 ;;
   182                           
   183                           	psect	text0
   184   000218                     __ptext0:
   185                           	callstack 0
   186   000218                     _main:
   187                           	callstack 31
   188   000218                     l153:
   189   000218  EF0C  F001         	goto	l153
   190   00021C  EF00  F000         	goto	start
   191   000220                     __end_of_main:
   192                           	callstack 0
   193                           
   194                           	psect	smallconst
   195   000200                     __psmallconst:
   196                           	callstack 0
   197   000200  00                 	db	0
   198   000201  00                 	db	0	; dummy byte at the end
   199   000000                     
   200                           	psect	rparam
   201   000000                     
   202                           	psect	idloc
   203                           
   204                           ;Config register IDLOC0 @ 0x200000
   205                           ;	unspecified, using default values
   206   200000                     	org	2097152
   207   200000  FF                 	db	255
   208                           
   209                           ;Config register IDLOC1 @ 0x200001
   210                           ;	unspecified, using default values
   211   200001                     	org	2097153
   212   200001  FF                 	db	255
   213                           
   214                           ;Config register IDLOC2 @ 0x200002
   215                           ;	unspecified, using default values
   216   200002                     	org	2097154
   217   200002  FF                 	db	255
   218                           
   219                           ;Config register IDLOC3 @ 0x200003
   220                           ;	unspecified, using default values
   221   200003                     	org	2097155
   222   200003  FF                 	db	255
   223                           
   224                           ;Config register IDLOC4 @ 0x200004
   225                           ;	unspecified, using default values
   226   200004                     	org	2097156
   227   200004  FF                 	db	255
   228                           
   229                           ;Config register IDLOC5 @ 0x200005
   230                           ;	unspecified, using default values
   231   200005                     	org	2097157
   232   200005  FF                 	db	255
   233                           
   234                           ;Config register IDLOC6 @ 0x200006
   235                           ;	unspecified, using default values
   236   200006                     	org	2097158
   237   200006  FF                 	db	255
   238                           
   239                           ;Config register IDLOC7 @ 0x200007
   240                           ;	unspecified, using default values
   241   200007                     	org	2097159
   242   200007  FF                 	db	255
   243                           
   244                           	psect	config
   245                           
   246                           ; Padding undefined space
   247   300000                     	org	3145728
   248   300000  FF                 	db	255
   249                           
   250                           ;Config register CONFIG1H @ 0x300001
   251                           ;	unspecified, using default values
   252                           ;	Oscillator
   253                           ;	OSC = 0x7, unprogrammed default
   254                           ;	Fail-Safe Clock Monitor Enable bit
   255                           ;	FCMEN = 0x0, unprogrammed default
   256                           ;	Internal/External Oscillator Switchover bit
   257                           ;	IESO = 0x0, unprogrammed default
   258   300001                     	org	3145729
   259   300001  07                 	db	7
   260                           
   261                           ;Config register CONFIG2L @ 0x300002
   262                           ;	unspecified, using default values
   263                           ;	Power-up Timer Enable bit
   264                           ;	PWRT = 0x1, unprogrammed default
   265                           ;	Brown-out Reset Enable bits
   266                           ;	BOR = 0x3, unprogrammed default
   267                           ;	Brown-out Reset Voltage bits
   268                           ;	BORV = 0x3, unprogrammed default
   269   300002                     	org	3145730
   270   300002  1F                 	db	31
   271                           
   272                           ;Config register CONFIG2H @ 0x300003
   273                           ;	unspecified, using default values
   274                           ;	Watchdog Timer Enable bit
   275                           ;	WDT = 0x1, unprogrammed default
   276                           ;	Watchdog Timer Postscale Select bits
   277                           ;	WDTPS = 0xF, unprogrammed default
   278   300003                     	org	3145731
   279   300003  1F                 	db	31
   280                           
   281                           ; Padding undefined space
   282   300004                     	org	3145732
   283   300004  FF                 	db	255
   284                           
   285                           ;Config register CONFIG3H @ 0x300005
   286                           ;	unspecified, using default values
   287                           ;	CCP2 MUX bit
   288                           ;	CCP2MX = 0x1, unprogrammed default
   289                           ;	PORTB A/D Enable bit
   290                           ;	PBADEN = 0x1, unprogrammed default
   291                           ;	Low-Power Timer1 Oscillator Enable bit
   292                           ;	LPT1OSC = 0x0, unprogrammed default
   293                           ;	MCLR Pin Enable bit
   294                           ;	MCLRE = 0x1, unprogrammed default
   295   300005                     	org	3145733
   296   300005  83                 	db	131
   297                           
   298                           ;Config register CONFIG4L @ 0x300006
   299                           ;	unspecified, using default values
   300                           ;	Stack Full/Underflow Reset Enable bit
   301                           ;	STVREN = 0x1, unprogrammed default
   302                           ;	Single-Supply ICSP Enable bit
   303                           ;	LVP = 0x1, unprogrammed default
   304                           ;	Boot Block Size Select bits
   305                           ;	BBSIZ = 0x0, unprogrammed default
   306                           ;	Extended Instruction Set Enable bit
   307                           ;	XINST = 0x0, unprogrammed default
   308                           ;	Background Debugger Enable bit
   309                           ;	DEBUG = 0x1, unprogrammed default
   310   300006                     	org	3145734
   311   300006  85                 	db	133
   312                           
   313                           ; Padding undefined space
   314   300007                     	org	3145735
   315   300007  FF                 	db	255
   316                           
   317                           ;Config register CONFIG5L @ 0x300008
   318                           ;	unspecified, using default values
   319                           ;	Code Protection bit
   320                           ;	CP0 = 0x1, unprogrammed default
   321                           ;	Code Protection bit
   322                           ;	CP1 = 0x1, unprogrammed default
   323   300008                     	org	3145736
   324   300008  03                 	db	3
   325                           
   326                           ;Config register CONFIG5H @ 0x300009
   327                           ;	unspecified, using default values
   328                           ;	Boot Block Code Protection bitProtect Boot
   329                           ;	CPB = 0x1, unprogrammed default
   330                           ;	Data EEPROM Code Protection bit
   331                           ;	CPD = 0x1, unprogrammed default
   332   300009                     	org	3145737
   333   300009  C0                 	db	192
   334                           
   335                           ;Config register CONFIG6L @ 0x30000A
   336                           ;	unspecified, using default values
   337                           ;	Write Protection bit
   338                           ;	WRT0 = 0x1, unprogrammed default
   339                           ;	Write Protection bit
   340                           ;	WRT1 = 0x1, unprogrammed default
   341   30000A                     	org	3145738
   342   30000A  03                 	db	3
   343                           
   344                           ;Config register CONFIG6H @ 0x30000B
   345                           ;	unspecified, using default values
   346                           ;	Configuration Register Write Protection bit
   347                           ;	WRTC = 0x1, unprogrammed default
   348                           ;	Boot Block Write Protection bit
   349                           ;	WRTB = 0x1, unprogrammed default
   350                           ;	Data EEPROM Write Protection bit
   351                           ;	WRTD = 0x1, unprogrammed default
   352   30000B                     	org	3145739
   353   30000B  E0                 	db	224
   354                           
   355                           ;Config register CONFIG7L @ 0x30000C
   356                           ;	unspecified, using default values
   357                           ;	Table Read Protection bit
   358                           ;	EBTR0 = 0x1, unprogrammed default
   359                           ;	Table Read Protection bit
   360                           ;	EBTR1 = 0x1, unprogrammed default
   361   30000C                     	org	3145740
   362   30000C  03                 	db	3
   363                           
   364                           ;Config register CONFIG7H @ 0x30000D
   365                           ;	unspecified, using default values
   366                           ;	Boot Block Table Read Protection bit
   367                           ;	EBTRB = 0x1, unprogrammed default
   368   30000D                     	org	3145741
   369   30000D  40                 	db	64
   370                           tosu	equ	0xFFF
   371                           tosh	equ	0xFFE
   372                           tosl	equ	0xFFD
   373                           stkptr	equ	0xFFC
   374                           pclatu	equ	0xFFB
   375                           pclath	equ	0xFFA
   376                           pcl	equ	0xFF9
   377                           tblptru	equ	0xFF8
   378                           tblptrh	equ	0xFF7
   379                           tblptrl	equ	0xFF6
   380                           tablat	equ	0xFF5
   381                           prodh	equ	0xFF4
   382                           prodl	equ	0xFF3
   383                           indf0	equ	0xFEF
   384                           postinc0	equ	0xFEE
   385                           postdec0	equ	0xFED
   386                           preinc0	equ	0xFEC
   387                           plusw0	equ	0xFEB
   388                           fsr0h	equ	0xFEA
   389                           fsr0l	equ	0xFE9
   390                           wreg	equ	0xFE8
   391                           indf1	equ	0xFE7
   392                           postinc1	equ	0xFE6
   393                           postdec1	equ	0xFE5
   394                           preinc1	equ	0xFE4
   395                           plusw1	equ	0xFE3
   396                           fsr1h	equ	0xFE2
   397                           fsr1l	equ	0xFE1
   398                           bsr	equ	0xFE0
   399                           indf2	equ	0xFDF
   400                           postinc2	equ	0xFDE
   401                           postdec2	equ	0xFDD
   402                           preinc2	equ	0xFDC
   403                           plusw2	equ	0xFDB
   404                           fsr2h	equ	0xFDA
   405                           fsr2l	equ	0xFD9
   406                           status	equ	0xFD8

Data Sizes:
    Strings     0
    Constant    0
    Data        0
    BSS         55
    Persistent  0
    Stack       0

Auto Spaces:
    Space          Size  Autos    Used
    COMRAM          127      0      55
    BANK0           128      0       0
    BANK1           256      0       0

Pointer List with Targets:

    ptr_tx	PTR const unsigned char  size(2) Largest target is 0
		 -> NULL(NULL[0]), 

    sp__SERIAL_GetBuffer	PTR unsigned char  size(1) Largest target is 10
		 -> buffer_rx(COMRAM[10]), 


Critical Paths under _main in COMRAM

    None.

Critical Paths under _main in BANK0

    None.

Critical Paths under _main in BANK1

    None.

Call Graph Tables:

 ---------------------------------------------------------------------------------
 (Depth) Function   	        Calls       Base Space   Used Autos Params    Refs
 ---------------------------------------------------------------------------------
 (0) _main                                                 0     0      0       0
 ---------------------------------------------------------------------------------
 Estimated maximum stack depth 0
 ---------------------------------------------------------------------------------

 Call Graph Graphs:

 _main (ROOT)

 Address spaces:
Name               Size   Autos  Total    Cost      Usage
BIGRAM             1FF      0       0      18        0.0%
EEDATA             100      0       0       0        0.0%
BITBANK1           100      0       0       6        0.0%
BANK1              100      0       0       7        0.0%
BITBANK0            80      0       0       4        0.0%
BANK0               80      0       0       5        0.0%
BITCOMRAM           7F      0       0       0        0.0%
COMRAM              7F      0      37       1       43.3%
BITBIGSFRlhhh       1C      0       0      10        0.0%
BITBIGSFRhl         19      0       0       9        0.0%
BITBIGSFRhh          D      0       0       8        0.0%
BITBIGSFRlhlh        C      0       0      12        0.0%
BITBIGSFRlhll        9      0       0      13        0.0%
BITBIGSFRlllh        8      0       0      15        0.0%
BITBIGSFRllh         8      0       0      14        0.0%
BITBIGSFRlhhlh       8      0       0      11        0.0%
BITBIGSFRllll        1      0       0      16        0.0%
BIGSFR               0      0       0     200        0.0%
BITSFR               0      0       0     200        0.0%
SFR                  0      0       0     200        0.0%
STACK                0      0       0       2        0.0%
NULL                 0      0       0       0        0.0%
ABS                  0      0      37      17        0.0%
DATA                 0      0      37       3        0.0%
CODE                 0      0       0       0        0.0%


Microchip Technology PIC18 Macro Assembler V2.46 build 20240104201356 
Symbol Table                                                                                   Tue Feb 17 14:00:00 2026

                    l153 0218                      l154 0218                      wreg 0FE8  
                   _TMR0 0FD6                     _Tics 001D                     _main 0218  
                   start 0000             ___param_bank 0000                    ?_main 0000  
                  _T0CON 0FD5                    _RCREG 0FAE                    _SPBRG 0FAF  
                  _TXREG 0FAD                    _estat 0023          __initialization 0202  
           __end_of_main 0220                   ??_main 0000            __activetblptr 0002  
                 _TMR0IF 7F92                   _Timers 0001                   _hTimer 0037  
                 _idx_rx 0028                   _idx_tx 002A                   clear_0 0208  
          _max_caracters 0027                   isa$std 0001                   _ptr_tx 0021  
           __mediumconst 0000                   tblptru 0FF8               __accesstop 0080  
__end_of__initialization 020E            ___rparam_used 0001           __pcstackCOMRAM 0000  
        _proxima_commuta 0015                  _ElTimer 0036                  __Hparam 0000  
                __Lparam 0000             __psmallconst 0200                  __pcinit 0202  
                __ramtop 0200                  __ptext0 0218     end_of_initialization 020E  
          __Lmediumconst 0000                _RCSTAbits 0FAB                  postinc0 0FEE  
              _PORTBbits 0F81                _TRISBbits 0F93                _TRISCbits 0F94  
     _flag_dades_llestes 0026                _TXSTAbits 0FAC              _BAUDCONbits 0FB8  
    start_initialization 0202              __pbssCOMRAM 0001                _buffer_rx 002C  
            __smallconst 0200                _estat_spk 0025                 _LATBbits 0F8A  
               _PIR1bits 0F9E              _INTCON2bits 0FF1                 __Hrparam 0000  
            _durada_tics 0019                 __Lrparam 0000                 _estat_rx 0029  
               _estat_tx 002B                 isa$xinst 0000               _INTCONbits 0FF2  
            _tics_toggle 0024  
